22:06:08 :: DEBUG :: |
|
22:06:08 :: DEBUG :: inspector answers
22:06:08 :: DEBUG :: question type ----- select character
22:06:08 :: DEBUG :: data -------------- [{'color': 'pink', 'suspect': True, 'position': 0, 'power': True}, {'color': 'red', 'suspect': True, 'position': 2, 'power': True}, {'color': 'brown', 'suspect': True, 'position': 1, 'power': True}]
22:06:08 :: DEBUG :: response index ---- 2
22:06:08 :: DEBUG :: response ---------- {'color': 'brown', 'suspect': True, 'position': 1, 'power': True}
22:06:08 :: DEBUG :: |
|
22:06:08 :: DEBUG :: inspector answers
22:06:08 :: DEBUG :: question type ----- activate brown power
22:06:08 :: DEBUG :: data -------------- [0, 1]
22:06:08 :: DEBUG :: response index ---- 0
22:06:08 :: DEBUG :: response ---------- 0
22:06:08 :: DEBUG :: |
|
22:06:08 :: DEBUG :: inspector answers
22:06:08 :: DEBUG :: question type ----- select position
22:06:08 :: DEBUG :: data -------------- [0, 2]
22:06:08 :: DEBUG :: response index ---- 0
22:06:08 :: DEBUG :: response ---------- 0
22:06:08 :: DEBUG :: |
|
22:06:08 :: DEBUG :: inspector answers
22:06:08 :: DEBUG :: question type ----- select character
22:06:08 :: DEBUG :: data -------------- [{'color': 'pink', 'suspect': True, 'position': 0, 'power': True}, {'color': 'red', 'suspect': True, 'position': 2, 'power': True}]
22:06:08 :: DEBUG :: response index ---- 0
22:06:08 :: DEBUG :: response ---------- {'color': 'pink', 'suspect': True, 'position': 0, 'power': True}
22:06:08 :: DEBUG :: |
|
22:06:08 :: DEBUG :: inspector answers
22:06:08 :: DEBUG :: question type ----- select position
22:06:08 :: DEBUG :: data -------------- [1, 4]
22:06:08 :: DEBUG :: response index ---- 0
22:06:08 :: DEBUG :: response ---------- 1
22:06:08 :: DEBUG :: |
|
22:06:08 :: DEBUG :: inspector answers
22:06:08 :: DEBUG :: question type ----- select character
22:06:08 :: DEBUG :: data -------------- [{'color': 'purple', 'suspect': True, 'position': 3, 'power': True}, {'color': 'white', 'suspect': True, 'position': 7, 'power': True}, {'color': 'blue', 'suspect': True, 'position': 4, 'power': True}, {'color': 'black', 'suspect': False, 'position': 5, 'power': True}]
22:06:08 :: DEBUG :: response index ---- 1
22:06:08 :: DEBUG :: response ---------- {'color': 'white', 'suspect': True, 'position': 7, 'power': True}
22:06:08 :: DEBUG :: |
|
22:06:08 :: DEBUG :: inspector answers
22:06:08 :: DEBUG :: question type ----- select position
22:06:08 :: DEBUG :: data -------------- [9, 3, 6]
22:06:08 :: DEBUG :: response index ---- 0
22:06:08 :: DEBUG :: response ---------- 9
22:06:08 :: DEBUG :: |
|
22:06:08 :: DEBUG :: inspector answers
22:06:08 :: DEBUG :: question type ----- activate white power
22:06:08 :: DEBUG :: data -------------- [0, 1]
22:06:08 :: DEBUG :: response index ---- 0
22:06:08 :: DEBUG :: response ---------- 0
22:06:09 :: DEBUG :: |
|
22:06:09 :: DEBUG :: inspector answers
22:06:09 :: DEBUG :: question type ----- select character
22:06:09 :: DEBUG :: data -------------- [{'color': 'purple', 'suspect': True, 'position': 3, 'power': True}]
22:06:09 :: DEBUG :: response index ---- 0
22:06:09 :: DEBUG :: response ---------- {'color': 'purple', 'suspect': True, 'position': 3, 'power': True}
22:06:09 :: DEBUG :: |
|
22:06:09 :: DEBUG :: inspector answers
22:06:09 :: DEBUG :: question type ----- activate purple power
22:06:09 :: DEBUG :: data -------------- [0, 1]
22:06:09 :: DEBUG :: response index ---- 1
22:06:09 :: DEBUG :: response ---------- 1
22:06:09 :: DEBUG :: |
|
22:06:09 :: DEBUG :: inspector answers
22:06:09 :: DEBUG :: question type ----- purple character power
22:06:09 :: DEBUG :: data -------------- ['white', 'brown', 'black', 'grey', 'blue', 'red', 'pink']
22:06:09 :: DEBUG :: response index ---- 0
22:06:09 :: DEBUG :: response ---------- white
22:06:10 :: DEBUG :: |
|
22:06:10 :: DEBUG :: inspector answers
22:06:10 :: DEBUG :: question type ----- select character
22:06:10 :: DEBUG :: data -------------- [{'color': 'red', 'suspect': False, 'position': 1, 'power': True}, {'color': 'grey', 'suspect': False, 'position': 5, 'power': True}, {'color': 'black', 'suspect': False, 'position': 6, 'power': True}]
22:06:10 :: DEBUG :: response index ---- 0
22:06:10 :: DEBUG :: response ---------- {'color': 'red', 'suspect': False, 'position': 1, 'power': True}
22:06:10 :: DEBUG :: |
|
22:06:10 :: DEBUG :: inspector answers
22:06:10 :: DEBUG :: question type ----- activate red power
22:06:10 :: DEBUG :: data -------------- [0, 1]
22:06:10 :: DEBUG :: response index ---- 1
22:06:10 :: DEBUG :: response ---------- 1
22:06:10 :: DEBUG :: |
|
22:06:10 :: DEBUG :: inspector answers
22:06:10 :: DEBUG :: question type ----- select position
22:06:10 :: DEBUG :: data -------------- [0, 2]
22:06:10 :: DEBUG :: response index ---- 1
22:06:10 :: DEBUG :: response ---------- 2
22:06:10 :: DEBUG :: |
|
22:06:10 :: DEBUG :: inspector answers
22:06:10 :: DEBUG :: question type ----- select character
22:06:10 :: DEBUG :: data -------------- [{'color': 'grey', 'suspect': False, 'position': 5, 'power': True}, {'color': 'black', 'suspect': False, 'position': 6, 'power': True}]
22:06:10 :: DEBUG :: response index ---- 1
22:06:10 :: DEBUG :: response ---------- {'color': 'black', 'suspect': False, 'position': 6, 'power': True}
22:06:10 :: DEBUG :: |
|
22:06:10 :: DEBUG :: inspector answers
22:06:10 :: DEBUG :: question type ----- select position
22:06:10 :: DEBUG :: data -------------- [5, 7]
22:06:10 :: DEBUG :: response index ---- 0
22:06:10 :: DEBUG :: response ---------- 5
22:06:10 :: DEBUG :: |
|
22:06:10 :: DEBUG :: inspector answers
22:06:10 :: DEBUG :: question type ----- activate black power
22:06:10 :: DEBUG :: data -------------- [0, 1]
22:06:10 :: DEBUG :: response index ---- 1
22:06:10 :: DEBUG :: response ---------- 1
22:06:10 :: DEBUG :: |
|
22:06:10 :: DEBUG :: inspector answers
22:06:10 :: DEBUG :: question type ----- select character
22:06:10 :: DEBUG :: data -------------- [{'color': 'pink', 'suspect': False, 'position': 1, 'power': True}, {'color': 'white', 'suspect': True, 'position': 3, 'power': True}, {'color': 'brown', 'suspect': True, 'position': 0, 'power': True}, {'color': 'blue', 'suspect': False, 'position': 8, 'power': True}]
22:06:10 :: DEBUG :: response index ---- 0
22:06:10 :: DEBUG :: response ---------- {'color': 'pink', 'suspect': False, 'position': 1, 'power': True}
22:06:10 :: DEBUG :: |
|
22:06:10 :: DEBUG :: inspector answers
22:06:10 :: DEBUG :: question type ----- select position
22:06:10 :: DEBUG :: data -------------- [0, 2, 5, 7]
22:06:10 :: DEBUG :: response index ---- 1
22:06:10 :: DEBUG :: response ---------- 2
22:06:11 :: DEBUG :: |
|
22:06:11 :: DEBUG :: inspector answers
22:06:11 :: DEBUG :: question type ----- select character
22:06:11 :: DEBUG :: data -------------- [{'color': 'white', 'suspect': True, 'position': 3, 'power': True}]
22:06:11 :: DEBUG :: response index ---- 0
22:06:11 :: DEBUG :: response ---------- {'color': 'white', 'suspect': True, 'position': 3, 'power': True}
22:06:11 :: DEBUG :: |
|
22:06:11 :: DEBUG :: inspector answers
22:06:11 :: DEBUG :: question type ----- select position
22:06:11 :: DEBUG :: data -------------- [2, 7]
22:06:11 :: DEBUG :: response index ---- 0
22:06:11 :: DEBUG :: response ---------- 2
22:06:11 :: DEBUG :: |
|
22:06:11 :: DEBUG :: inspector answers
22:06:11 :: DEBUG :: question type ----- activate white power
22:06:11 :: DEBUG :: data -------------- [0, 1]
22:06:11 :: DEBUG :: response index ---- 0
22:06:11 :: DEBUG :: response ---------- 0
